{"/Users/vladvinskevitch/Documents/Java/sitionix/sitionix-spa/apps/auth/src/main.tsx": {"path":"/Users/vladvinskevitch/Documents/Java/sitionix/sitionix-spa/apps/auth/src/main.tsx","statementMap":{"0":{"start":{"line":9,"column":18},"end":{"line":9,"column":null}},"1":{"start":{"line":11,"column":0},"end":{"line":13,"column":null}},"2":{"start":{"line":12,"column":2},"end":{"line":12,"column":null}},"3":{"start":{"line":16,"column":0},"end":{"line":22,"column":null}}},"fnMap":{},"branchMap":{"0":{"loc":{"start":{"line":11,"column":0},"end":{"line":13,"column":null}},"type":"if","locations":[{"start":{"line":11,"column":0},"end":{"line":13,"column":null}},{"start":{},"end":{}}],"line":11}},"s":{"0":2,"1":2,"2":1,"3":1},"f":{},"b":{"0":[1,1]},"meta":{"lastBranch":1,"lastFunction":0,"lastStatement":4,"seen":{"s:9:18:9:Infinity":0,"b:11:0:13:Infinity:undefined:undefined:undefined:undefined":0,"s:11:0:13:Infinity":1,"s:12:2:12:Infinity":2,"s:16:0:22:Infinity":3}}}
,"/Users/vladvinskevitch/Documents/Java/sitionix/sitionix-spa/apps/auth/src/app/App.tsx": {"path":"/Users/vladvinskevitch/Documents/Java/sitionix/sitionix-spa/apps/auth/src/app/App.tsx","statementMap":{"0":{"start":{"line":4,"column":2},"end":{"line":4,"column":null}}},"fnMap":{"0":{"name":"App","decl":{"start":{"line":3,"column":16},"end":{"line":3,"column":22}},"loc":{"start":{"line":3,"column":22},"end":{"line":5,"column":null}},"line":3}},"branchMap":{},"s":{"0":7},"f":{"0":7},"b":{},"meta":{"lastBranch":0,"lastFunction":1,"lastStatement":1,"seen":{"f:3:16:3:22":0,"s:4:2:4:Infinity":0}}}
,"/Users/vladvinskevitch/Documents/Java/sitionix/sitionix-spa/apps/auth/src/app/router.tsx": {"path":"/Users/vladvinskevitch/Documents/Java/sitionix/sitionix-spa/apps/auth/src/app/router.tsx","statementMap":{"0":{"start":{"line":6,"column":2},"end":{"line":12,"column":null}}},"fnMap":{"0":{"name":"AuthRoutes","decl":{"start":{"line":5,"column":16},"end":{"line":5,"column":29}},"loc":{"start":{"line":5,"column":29},"end":{"line":14,"column":null}},"line":5}},"branchMap":{},"s":{"0":11},"f":{"0":11},"b":{},"meta":{"lastBranch":0,"lastFunction":1,"lastStatement":1,"seen":{"f:5:16:5:29":0,"s:6:2:12:Infinity":0}}}
,"/Users/vladvinskevitch/Documents/Java/sitionix/sitionix-spa/apps/auth/src/features/authorisation/api/loginUserApi.ts": {"path":"/Users/vladvinskevitch/Documents/Java/sitionix/sitionix-spa/apps/auth/src/features/authorisation/api/loginUserApi.ts","statementMap":{"0":{"start":{"line":13,"column":14},"end":{"line":18,"column":null}},"1":{"start":{"line":20,"column":2},"end":{"line":22,"column":null}},"2":{"start":{"line":21,"column":4},"end":{"line":21,"column":null}},"3":{"start":{"line":24,"column":2},"end":{"line":33,"column":null}},"4":{"start":{"line":25,"column":4},"end":{"line":32,"column":null}},"5":{"start":{"line":35,"column":2},"end":{"line":35,"column":null}}},"fnMap":{"0":{"name":"loginUserApi","decl":{"start":{"line":9,"column":22},"end":{"line":9,"column":null}},"loc":{"start":{"line":12,"column":28},"end":{"line":36,"column":null}},"line":12}},"branchMap":{"0":{"loc":{"start":{"line":20,"column":2},"end":{"line":22,"column":null}},"type":"if","locations":[{"start":{"line":20,"column":2},"end":{"line":22,"column":null}},{"start":{},"end":{}}],"line":20},"1":{"loc":{"start":{"line":24,"column":2},"end":{"line":33,"column":null}},"type":"if","locations":[{"start":{"line":24,"column":2},"end":{"line":33,"column":null}},{"start":{},"end":{}}],"line":24},"2":{"loc":{"start":{"line":24,"column":6},"end":{"line":24,"column":48}},"type":"binary-expr","locations":[{"start":{"line":24,"column":6},"end":{"line":24,"column":28}},{"start":{"line":24,"column":28},"end":{"line":24,"column":48}}],"line":24}},"s":{"0":5,"1":5,"2":2,"3":3,"4":2,"5":1},"f":{"0":5},"b":{"0":[2,3],"1":[2,1],"2":[3,1]},"meta":{"lastBranch":3,"lastFunction":1,"lastStatement":6,"seen":{"f:9:22:9:Infinity":0,"s:13:14:18:Infinity":0,"b:20:2:22:Infinity:undefined:undefined:undefined:undefined":0,"s:20:2:22:Infinity":1,"s:21:4:21:Infinity":2,"b:24:2:33:Infinity:undefined:undefined:undefined:undefined":1,"s:24:2:33:Infinity":3,"b:24:6:24:28:24:28:24:48":2,"s:25:4:32:Infinity":4,"s:35:2:35:Infinity":5}}}
,"/Users/vladvinskevitch/Documents/Java/sitionix/sitionix-spa/apps/auth/src/features/authorisation/model/loginUserMapper.ts": {"path":"/Users/vladvinskevitch/Documents/Java/sitionix/sitionix-spa/apps/auth/src/features/authorisation/model/loginUserMapper.ts","statementMap":{"0":{"start":{"line":8,"column":2},"end":{"line":14,"column":null}}},"fnMap":{"0":{"name":"mapFormToLoginRequest","decl":{"start":{"line":4,"column":16},"end":{"line":4,"column":null}},"loc":{"start":{"line":7,"column":20},"end":{"line":15,"column":null}},"line":7}},"branchMap":{"0":{"loc":{"start":{"line":13,"column":8},"end":{"line":13,"column":null}},"type":"cond-expr","locations":[{"start":{"line":13,"column":21},"end":{"line":13,"column":46}},{"start":{"line":13,"column":46},"end":{"line":13,"column":null}}],"line":13}},"s":{"0":4},"f":{"0":4},"b":{"0":[3,1]},"meta":{"lastBranch":1,"lastFunction":1,"lastStatement":1,"seen":{"f:4:16:4:Infinity":0,"s:8:2:14:Infinity":0,"b:13:21:13:46:13:46:13:Infinity":0}}}
,"/Users/vladvinskevitch/Documents/Java/sitionix/sitionix-spa/apps/auth/src/features/authorisation/ui/AuthorisationPage.tsx": {"path":"/Users/vladvinskevitch/Documents/Java/sitionix/sitionix-spa/apps/auth/src/features/authorisation/ui/AuthorisationPage.tsx","statementMap":{"0":{"start":{"line":14,"column":14},"end":{"line":14,"column":null}},"1":{"start":{"line":15,"column":2},"end":{"line":15,"column":null}},"2":{"start":{"line":18,"column":41},"end":{"line":22,"column":null}},"3":{"start":{"line":19,"column":18},"end":{"line":19,"column":null}},"4":{"start":{"line":20,"column":20},"end":{"line":20,"column":null}},"5":{"start":{"line":21,"column":17},"end":{"line":21,"column":null}},"6":{"start":{"line":25,"column":36},"end":{"line":25,"column":null}},"7":{"start":{"line":26,"column":24},"end":{"line":26,"column":null}},"8":{"start":{"line":27,"column":8},"end":{"line":27,"column":null}},"9":{"start":{"line":29,"column":17},"end":{"line":29,"column":null}},"10":{"start":{"line":30,"column":31},"end":{"line":30,"column":null}},"11":{"start":{"line":32,"column":36},"end":{"line":38,"column":null}},"12":{"start":{"line":36,"column":25},"end":{"line":36,"column":null}},"13":{"start":{"line":40,"column":40},"end":{"line":51,"column":null}},"14":{"start":{"line":44,"column":27},"end":{"line":44,"column":null}},"15":{"start":{"line":49,"column":27},"end":{"line":49,"column":null}},"16":{"start":{"line":52,"column":2},"end":{"line":113,"column":null}},"17":{"start":{"line":70,"column":25},"end":{"line":70,"column":null}},"18":{"start":{"line":96,"column":31},"end":{"line":96,"column":null}},"19":{"start":{"line":105,"column":31},"end":{"line":105,"column":null}}},"fnMap":{"0":{"name":"readSiteIdFromUrl","decl":{"start":{"line":13,"column":9},"end":{"line":13,"column":44}},"loc":{"start":{"line":13,"column":44},"end":{"line":16,"column":null}},"line":13},"1":{"name":"(anonymous_1)","decl":{"start":{"line":19,"column":12},"end":{"line":19,"column":18}},"loc":{"start":{"line":19,"column":18},"end":{"line":19,"column":null}},"line":19},"2":{"name":"(anonymous_2)","decl":{"start":{"line":20,"column":14},"end":{"line":20,"column":20}},"loc":{"start":{"line":20,"column":20},"end":{"line":20,"column":null}},"line":20},"3":{"name":"(anonymous_3)","decl":{"start":{"line":21,"column":11},"end":{"line":21,"column":17}},"loc":{"start":{"line":21,"column":17},"end":{"line":21,"column":null}},"line":21},"4":{"name":"AuthorisationPage","decl":{"start":{"line":24,"column":24},"end":{"line":24,"column":44}},"loc":{"start":{"line":24,"column":44},"end":{"line":115,"column":null}},"line":24},"5":{"name":"(anonymous_5)","decl":{"start":{"line":36,"column":14},"end":{"line":36,"column":15}},"loc":{"start":{"line":36,"column":25},"end":{"line":36,"column":null}},"line":36},"6":{"name":"(anonymous_6)","decl":{"start":{"line":44,"column":21},"end":{"line":44,"column":27}},"loc":{"start":{"line":44,"column":27},"end":{"line":44,"column":null}},"line":44},"7":{"name":"(anonymous_7)","decl":{"start":{"line":49,"column":21},"end":{"line":49,"column":27}},"loc":{"start":{"line":49,"column":27},"end":{"line":49,"column":null}},"line":49},"8":{"name":"(anonymous_8)","decl":{"start":{"line":70,"column":19},"end":{"line":70,"column":25}},"loc":{"start":{"line":70,"column":25},"end":{"line":70,"column":null}},"line":70},"9":{"name":"(anonymous_9)","decl":{"start":{"line":96,"column":25},"end":{"line":96,"column":31}},"loc":{"start":{"line":96,"column":31},"end":{"line":96,"column":null}},"line":96},"10":{"name":"(anonymous_10)","decl":{"start":{"line":105,"column":25},"end":{"line":105,"column":31}},"loc":{"start":{"line":105,"column":31},"end":{"line":105,"column":null}},"line":105}},"branchMap":{"0":{"loc":{"start":{"line":65,"column":10},"end":{"line":65,"column":null}},"type":"cond-expr","locations":[{"start":{"line":65,"column":24},"end":{"line":65,"column":48}},{"start":{"line":65,"column":48},"end":{"line":65,"column":null}}],"line":65},"1":{"loc":{"start":{"line":73,"column":12},"end":{"line":73,"column":null}},"type":"cond-expr","locations":[{"start":{"line":73,"column":26},"end":{"line":73,"column":42}},{"start":{"line":73,"column":42},"end":{"line":73,"column":null}}],"line":73},"2":{"loc":{"start":{"line":83,"column":12},"end":{"line":83,"column":null}},"type":"cond-expr","locations":[{"start":{"line":83,"column":26},"end":{"line":83,"column":44}},{"start":{"line":83,"column":44},"end":{"line":83,"column":null}}],"line":83},"3":{"loc":{"start":{"line":107,"column":19},"end":{"line":107,"column":null}},"type":"cond-expr","locations":[{"start":{"line":107,"column":28},"end":{"line":107,"column":41}},{"start":{"line":107,"column":41},"end":{"line":107,"column":null}}],"line":107}},"s":{"0":29,"1":29,"2":7,"3":1,"4":1,"5":1,"6":29,"7":29,"8":29,"9":29,"10":29,"11":29,"12":16,"13":29,"14":4,"15":1,"16":29,"17":1,"18":1,"19":1},"f":{"0":29,"1":1,"2":1,"3":1,"4":29,"5":16,"6":4,"7":1,"8":1,"9":1,"10":1},"b":{"0":[4,25],"1":[4,25],"2":[4,25],"3":[28,1]},"meta":{"lastBranch":4,"lastFunction":11,"lastStatement":20,"seen":{"f:13:9:13:44":0,"s:14:14:14:Infinity":0,"s:15:2:15:Infinity":1,"s:18:41:22:Infinity":2,"f:19:12:19:18":1,"s:19:18:19:Infinity":3,"f:20:14:20:20":2,"s:20:20:20:Infinity":4,"f:21:11:21:17":3,"s:21:17:21:Infinity":5,"f:24:24:24:44":4,"s:25:36:25:Infinity":6,"s:26:24:26:Infinity":7,"s:27:8:27:Infinity":8,"s:29:17:29:Infinity":9,"s:30:31:30:Infinity":10,"s:32:36:38:Infinity":11,"f:36:14:36:15":5,"s:36:25:36:Infinity":12,"s:40:40:51:Infinity":13,"f:44:21:44:27":6,"s:44:27:44:Infinity":14,"f:49:21:49:27":7,"s:49:27:49:Infinity":15,"s:52:2:113:Infinity":16,"b:65:24:65:48:65:48:65:Infinity":0,"f:70:19:70:25":8,"s:70:25:70:Infinity":17,"b:73:26:73:42:73:42:73:Infinity":1,"b:83:26:83:44:83:44:83:Infinity":2,"f:96:25:96:31":9,"s:96:31:96:Infinity":18,"f:105:25:105:31":10,"s:105:31:105:Infinity":19,"b:107:28:107:41:107:41:107:Infinity":3}}}
,"/Users/vladvinskevitch/Documents/Java/sitionix/sitionix-spa/apps/auth/src/features/authorisation/ui/EmailAuthorisationForm.tsx": {"path":"/Users/vladvinskevitch/Documents/Java/sitionix/sitionix-spa/apps/auth/src/features/authorisation/ui/EmailAuthorisationForm.tsx","statementMap":{"0":{"start":{"line":25,"column":24},"end":{"line":25,"column":null}},"1":{"start":{"line":26,"column":30},"end":{"line":26,"column":null}},"2":{"start":{"line":27,"column":34},"end":{"line":27,"column":null}},"3":{"start":{"line":28,"column":32},"end":{"line":28,"column":null}},"4":{"start":{"line":29,"column":38},"end":{"line":29,"column":null}},"5":{"start":{"line":31,"column":2},"end":{"line":35,"column":null}},"6":{"start":{"line":32,"column":4},"end":{"line":34,"column":null}},"7":{"start":{"line":33,"column":6},"end":{"line":33,"column":null}},"8":{"start":{"line":37,"column":2},"end":{"line":108,"column":null}},"9":{"start":{"line":41,"column":8},"end":{"line":41,"column":null}},"10":{"start":{"line":42,"column":8},"end":{"line":42,"column":null}},"11":{"start":{"line":43,"column":8},"end":{"line":43,"column":null}},"12":{"start":{"line":45,"column":8},"end":{"line":65,"column":null}},"13":{"start":{"line":46,"column":42},"end":{"line":46,"column":null}},"14":{"start":{"line":47,"column":36},"end":{"line":52,"column":null}},"15":{"start":{"line":53,"column":16},"end":{"line":53,"column":null}},"16":{"start":{"line":54,"column":25},"end":{"line":54,"column":null}},"17":{"start":{"line":56,"column":10},"end":{"line":60,"column":null}},"18":{"start":{"line":57,"column":12},"end":{"line":57,"column":null}},"19":{"start":{"line":58,"column":12},"end":{"line":58,"column":null}},"20":{"start":{"line":59,"column":12},"end":{"line":59,"column":null}},"21":{"start":{"line":62,"column":10},"end":{"line":62,"column":null}},"22":{"start":{"line":64,"column":10},"end":{"line":64,"column":null}},"23":{"start":{"line":72,"column":29},"end":{"line":72,"column":null}},"24":{"start":{"line":80,"column":29},"end":{"line":80,"column":null}},"25":{"start":{"line":104,"column":31},"end":{"line":104,"column":null}}},"fnMap":{"0":{"name":"EmailAuthorisationForm","decl":{"start":{"line":19,"column":24},"end":{"line":19,"column":47}},"loc":{"start":{"line":24,"column":10},"end":{"line":110,"column":null}},"line":24},"1":{"name":"(anonymous_1)","decl":{"start":{"line":31,"column":12},"end":{"line":31,"column":18}},"loc":{"start":{"line":31,"column":18},"end":{"line":35,"column":5}},"line":31},"2":{"name":"(anonymous_2)","decl":{"start":{"line":40,"column":16},"end":{"line":40,"column":23}},"loc":{"start":{"line":40,"column":33},"end":{"line":66,"column":null}},"line":40},"3":{"name":"(anonymous_3)","decl":{"start":{"line":72,"column":18},"end":{"line":72,"column":19}},"loc":{"start":{"line":72,"column":29},"end":{"line":72,"column":null}},"line":72},"4":{"name":"(anonymous_4)","decl":{"start":{"line":80,"column":18},"end":{"line":80,"column":19}},"loc":{"start":{"line":80,"column":29},"end":{"line":80,"column":null}},"line":80},"5":{"name":"(anonymous_5)","decl":{"start":{"line":104,"column":20},"end":{"line":104,"column":21}},"loc":{"start":{"line":104,"column":31},"end":{"line":104,"column":null}},"line":104}},"branchMap":{"0":{"loc":{"start":{"line":25,"column":37},"end":{"line":25,"column":55}},"type":"binary-expr","locations":[{"start":{"line":25,"column":37},"end":{"line":25,"column":53}},{"start":{"line":25,"column":53},"end":{"line":25,"column":55}}],"line":25},"1":{"loc":{"start":{"line":32,"column":4},"end":{"line":34,"column":null}},"type":"if","locations":[{"start":{"line":32,"column":4},"end":{"line":34,"column":null}},{"start":{},"end":{}}],"line":32},"2":{"loc":{"start":{"line":56,"column":10},"end":{"line":60,"column":null}},"type":"if","locations":[{"start":{"line":56,"column":10},"end":{"line":60,"column":null}},{"start":{},"end":{}}],"line":56},"3":{"loc":{"start":{"line":62,"column":23},"end":{"line":62,"column":68}},"type":"binary-expr","locations":[{"start":{"line":62,"column":23},"end":{"line":62,"column":47}},{"start":{"line":62,"column":47},"end":{"line":62,"column":68}}],"line":62},"4":{"loc":{"start":{"line":84,"column":7},"end":{"line":88,"column":null}},"type":"cond-expr","locations":[{"start":{"line":85,"column":8},"end":{"line":87,"column":null}},{"start":{"line":88,"column":10},"end":{"line":88,"column":null}}],"line":84}},"s":{"0":87,"1":87,"2":87,"3":87,"4":87,"5":87,"6":22,"7":22,"8":87,"9":2,"10":2,"11":2,"12":2,"13":2,"14":2,"15":2,"16":2,"17":2,"18":1,"19":1,"20":1,"21":1,"22":2,"23":16,"24":20,"25":1},"f":{"0":87,"1":22,"2":2,"3":16,"4":20,"5":1},"b":{"0":[87,0],"1":[22,0],"2":[1,1],"3":[1,0],"4":[1,86]},"meta":{"lastBranch":5,"lastFunction":6,"lastStatement":26,"seen":{"f:19:24:19:47":0,"s:25:24:25:Infinity":0,"b:25:37:25:53:25:53:25:55":0,"s:26:30:26:Infinity":1,"s:27:34:27:Infinity":2,"s:28:32:28:Infinity":3,"s:29:38:29:Infinity":4,"s:31:2:35:Infinity":5,"f:31:12:31:18":1,"b:32:4:34:Infinity:undefined:undefined:undefined:undefined":1,"s:32:4:34:Infinity":6,"s:33:6:33:Infinity":7,"s:37:2:108:Infinity":8,"f:40:16:40:23":2,"s:41:8:41:Infinity":9,"s:42:8:42:Infinity":10,"s:43:8:43:Infinity":11,"s:45:8:65:Infinity":12,"s:46:42:46:Infinity":13,"s:47:36:52:Infinity":14,"s:53:16:53:Infinity":15,"s:54:25:54:Infinity":16,"b:56:10:60:Infinity:undefined:undefined:undefined:undefined":2,"s:56:10:60:Infinity":17,"s:57:12:57:Infinity":18,"s:58:12:58:Infinity":19,"s:59:12:59:Infinity":20,"s:62:10:62:Infinity":21,"b:62:23:62:47:62:47:62:68":3,"s:64:10:64:Infinity":22,"f:72:18:72:19":3,"s:72:29:72:Infinity":23,"f:80:18:80:19":4,"s:80:29:80:Infinity":24,"b:85:8:87:Infinity:88:10:88:Infinity":4,"f:104:20:104:21":5,"s:104:31:104:Infinity":25}}}
,"/Users/vladvinskevitch/Documents/Java/sitionix/sitionix-spa/apps/auth/src/features/registration/api/registerUserApi.ts": {"path":"/Users/vladvinskevitch/Documents/Java/sitionix/sitionix-spa/apps/auth/src/features/registration/api/registerUserApi.ts","statementMap":{"0":{"start":{"line":9,"column":14},"end":{"line":14,"column":null}},"1":{"start":{"line":16,"column":2},"end":{"line":18,"column":null}},"2":{"start":{"line":17,"column":4},"end":{"line":17,"column":null}},"3":{"start":{"line":20,"column":2},"end":{"line":20,"column":null}}},"fnMap":{"0":{"name":"registerUserApi","decl":{"start":{"line":5,"column":22},"end":{"line":5,"column":null}},"loc":{"start":{"line":8,"column":31},"end":{"line":21,"column":null}},"line":8}},"branchMap":{"0":{"loc":{"start":{"line":16,"column":2},"end":{"line":18,"column":null}},"type":"if","locations":[{"start":{"line":16,"column":2},"end":{"line":18,"column":null}},{"start":{},"end":{}}],"line":16}},"s":{"0":6,"1":6,"2":4,"3":2},"f":{"0":6},"b":{"0":[4,2]},"meta":{"lastBranch":1,"lastFunction":1,"lastStatement":4,"seen":{"f:5:22:5:Infinity":0,"s:9:14:14:Infinity":0,"b:16:2:18:Infinity:undefined:undefined:undefined:undefined":0,"s:16:2:18:Infinity":1,"s:17:4:17:Infinity":2,"s:20:2:20:Infinity":3}}}
,"/Users/vladvinskevitch/Documents/Java/sitionix/sitionix-spa/apps/auth/src/features/registration/model/registerUserErrors.ts": {"path":"/Users/vladvinskevitch/Documents/Java/sitionix/sitionix-spa/apps/auth/src/features/registration/model/registerUserErrors.ts","statementMap":{"0":{"start":{"line":4,"column":2},"end":{"line":10,"column":null}},"1":{"start":{"line":5,"column":4},"end":{"line":9,"column":null}},"2":{"start":{"line":11,"column":2},"end":{"line":11,"column":null}}},"fnMap":{"0":{"name":"normalizeRegisterError","decl":{"start":{"line":3,"column":16},"end":{"line":3,"column":39}},"loc":{"start":{"line":3,"column":85},"end":{"line":12,"column":null}},"line":3}},"branchMap":{"0":{"loc":{"start":{"line":4,"column":2},"end":{"line":10,"column":null}},"type":"if","locations":[{"start":{"line":4,"column":2},"end":{"line":10,"column":null}},{"start":{},"end":{}}],"line":4}},"s":{"0":2,"1":1,"2":1},"f":{"0":2},"b":{"0":[1,1]},"meta":{"lastBranch":1,"lastFunction":1,"lastStatement":3,"seen":{"f:3:16:3:39":0,"b:4:2:10:Infinity:undefined:undefined:undefined:undefined":0,"s:4:2:10:Infinity":0,"s:5:4:9:Infinity":1,"s:11:2:11:Infinity":2}}}
,"/Users/vladvinskevitch/Documents/Java/sitionix/sitionix-spa/apps/auth/src/features/registration/model/registerUserMapper.ts": {"path":"/Users/vladvinskevitch/Documents/Java/sitionix/sitionix-spa/apps/auth/src/features/registration/model/registerUserMapper.ts","statementMap":{"0":{"start":{"line":10,"column":2},"end":{"line":15,"column":null}}},"fnMap":{"0":{"name":"mapFormToRegisterRequest","decl":{"start":{"line":6,"column":16},"end":{"line":6,"column":null}},"loc":{"start":{"line":9,"column":23},"end":{"line":16,"column":null}},"line":9}},"branchMap":{},"s":{"0":5},"f":{"0":5},"b":{},"meta":{"lastBranch":0,"lastFunction":1,"lastStatement":1,"seen":{"f:6:16:6:Infinity":0,"s:10:2:15:Infinity":0}}}
,"/Users/vladvinskevitch/Documents/Java/sitionix/sitionix-spa/apps/auth/src/features/registration/ui/EmailRegisterForm.tsx": {"path":"/Users/vladvinskevitch/Documents/Java/sitionix/sitionix-spa/apps/auth/src/features/registration/ui/EmailRegisterForm.tsx","statementMap":{"0":{"start":{"line":14,"column":24},"end":{"line":14,"column":null}},"1":{"start":{"line":15,"column":22},"end":{"line":15,"column":null}},"2":{"start":{"line":16,"column":30},"end":{"line":16,"column":null}},"3":{"start":{"line":17,"column":44},"end":{"line":17,"column":null}},"4":{"start":{"line":18,"column":34},"end":{"line":18,"column":null}},"5":{"start":{"line":20,"column":32},"end":{"line":20,"column":null}},"6":{"start":{"line":21,"column":38},"end":{"line":21,"column":null}},"7":{"start":{"line":23,"column":2},"end":{"line":114,"column":null}},"8":{"start":{"line":27,"column":8},"end":{"line":27,"column":null}},"9":{"start":{"line":28,"column":8},"end":{"line":28,"column":null}},"10":{"start":{"line":29,"column":8},"end":{"line":29,"column":null}},"11":{"start":{"line":31,"column":8},"end":{"line":44,"column":null}},"12":{"start":{"line":32,"column":25},"end":{"line":32,"column":null}},"13":{"start":{"line":33,"column":16},"end":{"line":33,"column":null}},"14":{"start":{"line":34,"column":25},"end":{"line":34,"column":null}},"15":{"start":{"line":36,"column":10},"end":{"line":39,"column":null}},"16":{"start":{"line":37,"column":12},"end":{"line":37,"column":null}},"17":{"start":{"line":38,"column":12},"end":{"line":38,"column":null}},"18":{"start":{"line":41,"column":10},"end":{"line":41,"column":null}},"19":{"start":{"line":43,"column":10},"end":{"line":43,"column":null}},"20":{"start":{"line":51,"column":25},"end":{"line":51,"column":null}},"21":{"start":{"line":59,"column":25},"end":{"line":59,"column":null}},"22":{"start":{"line":67,"column":25},"end":{"line":67,"column":null}},"23":{"start":{"line":75,"column":25},"end":{"line":75,"column":null}},"24":{"start":{"line":99,"column":27},"end":{"line":99,"column":null}}},"fnMap":{"0":{"name":"EmailRegisterForm","decl":{"start":{"line":13,"column":24},"end":{"line":13,"column":42}},"loc":{"start":{"line":13,"column":78},"end":{"line":116,"column":null}},"line":13},"1":{"name":"(anonymous_1)","decl":{"start":{"line":26,"column":16},"end":{"line":26,"column":23}},"loc":{"start":{"line":26,"column":29},"end":{"line":45,"column":null}},"line":26},"2":{"name":"(anonymous_2)","decl":{"start":{"line":51,"column":18},"end":{"line":51,"column":19}},"loc":{"start":{"line":51,"column":25},"end":{"line":51,"column":null}},"line":51},"3":{"name":"(anonymous_3)","decl":{"start":{"line":59,"column":18},"end":{"line":59,"column":19}},"loc":{"start":{"line":59,"column":25},"end":{"line":59,"column":null}},"line":59},"4":{"name":"(anonymous_4)","decl":{"start":{"line":67,"column":18},"end":{"line":67,"column":19}},"loc":{"start":{"line":67,"column":25},"end":{"line":67,"column":null}},"line":67},"5":{"name":"(anonymous_5)","decl":{"start":{"line":75,"column":18},"end":{"line":75,"column":19}},"loc":{"start":{"line":75,"column":25},"end":{"line":75,"column":null}},"line":75},"6":{"name":"(anonymous_6)","decl":{"start":{"line":99,"column":20},"end":{"line":99,"column":21}},"loc":{"start":{"line":99,"column":27},"end":{"line":99,"column":null}},"line":99}},"branchMap":{"0":{"loc":{"start":{"line":36,"column":10},"end":{"line":39,"column":null}},"type":"if","locations":[{"start":{"line":36,"column":10},"end":{"line":39,"column":null}},{"start":{},"end":{}}],"line":36},"1":{"loc":{"start":{"line":41,"column":23},"end":{"line":41,"column":67}},"type":"binary-expr","locations":[{"start":{"line":41,"column":23},"end":{"line":41,"column":47}},{"start":{"line":41,"column":47},"end":{"line":41,"column":67}}],"line":41},"2":{"loc":{"start":{"line":79,"column":7},"end":{"line":83,"column":null}},"type":"cond-expr","locations":[{"start":{"line":80,"column":8},"end":{"line":82,"column":null}},{"start":{"line":83,"column":10},"end":{"line":83,"column":null}}],"line":79}},"s":{"0":186,"1":186,"2":186,"3":186,"4":186,"5":186,"6":186,"7":186,"8":4,"9":4,"10":4,"11":4,"12":4,"13":4,"14":4,"15":4,"16":3,"17":3,"18":1,"19":4,"20":64,"21":16,"22":40,"23":40,"24":1},"f":{"0":186,"1":4,"2":64,"3":16,"4":40,"5":40,"6":1},"b":{"0":[3,1],"1":[1,0],"2":[1,185]},"meta":{"lastBranch":3,"lastFunction":7,"lastStatement":25,"seen":{"f:13:24:13:42":0,"s:14:24:14:Infinity":0,"s:15:22:15:Infinity":1,"s:16:30:16:Infinity":2,"s:17:44:17:Infinity":3,"s:18:34:18:Infinity":4,"s:20:32:20:Infinity":5,"s:21:38:21:Infinity":6,"s:23:2:114:Infinity":7,"f:26:16:26:23":1,"s:27:8:27:Infinity":8,"s:28:8:28:Infinity":9,"s:29:8:29:Infinity":10,"s:31:8:44:Infinity":11,"s:32:25:32:Infinity":12,"s:33:16:33:Infinity":13,"s:34:25:34:Infinity":14,"b:36:10:39:Infinity:undefined:undefined:undefined:undefined":0,"s:36:10:39:Infinity":15,"s:37:12:37:Infinity":16,"s:38:12:38:Infinity":17,"s:41:10:41:Infinity":18,"b:41:23:41:47:41:47:41:67":1,"s:43:10:43:Infinity":19,"f:51:18:51:19":2,"s:51:25:51:Infinity":20,"f:59:18:59:19":3,"s:59:25:59:Infinity":21,"f:67:18:67:19":4,"s:67:25:67:Infinity":22,"f:75:18:75:19":5,"s:75:25:75:Infinity":23,"b:80:8:82:Infinity:83:10:83:Infinity":2,"f:99:20:99:21":6,"s:99:27:99:Infinity":24}}}
,"/Users/vladvinskevitch/Documents/Java/sitionix/sitionix-spa/apps/auth/src/features/registration/ui/EmailRegisterPanel.tsx": {"path":"/Users/vladvinskevitch/Documents/Java/sitionix/sitionix-spa/apps/auth/src/features/registration/ui/EmailRegisterPanel.tsx","statementMap":{"0":{"start":{"line":12,"column":31},"end":{"line":12,"column":null}},"1":{"start":{"line":14,"column":2},"end":{"line":42,"column":null}}},"fnMap":{"0":{"name":"EmailRegistrationPanel","decl":{"start":{"line":11,"column":24},"end":{"line":11,"column":47}},"loc":{"start":{"line":11,"column":79},"end":{"line":44,"column":null}},"line":11}},"branchMap":{"0":{"loc":{"start":{"line":18,"column":11},"end":{"line":18,"column":null}},"type":"cond-expr","locations":[{"start":{"line":18,"column":29},"end":{"line":18,"column":40}},{"start":{"line":18,"column":40},"end":{"line":18,"column":null}}],"line":18},"1":{"loc":{"start":{"line":31,"column":7},"end":{"line":40,"column":null}},"type":"cond-expr","locations":[{"start":{"line":32,"column":8},"end":{"line":34,"column":null}},{"start":{"line":36,"column":8},"end":{"line":40,"column":null}}],"line":31},"2":{"loc":{"start":{"line":38,"column":15},"end":{"line":38,"column":null}},"type":"cond-expr","locations":[{"start":{"line":38,"column":28},"end":{"line":38,"column":53}},{"start":{"line":38,"column":53},"end":{"line":38,"column":null}}],"line":38}},"s":{"0":18,"1":18},"f":{"0":18},"b":{"0":[2,16],"1":[2,16],"2":[7,9]},"meta":{"lastBranch":3,"lastFunction":1,"lastStatement":2,"seen":{"f:11:24:11:47":0,"s:12:31:12:Infinity":0,"s:14:2:42:Infinity":1,"b:18:29:18:40:18:40:18:Infinity":0,"b:32:8:34:Infinity:36:8:40:Infinity":1,"b:38:28:38:53:38:53:38:Infinity":2}}}
,"/Users/vladvinskevitch/Documents/Java/sitionix/sitionix-spa/apps/auth/src/features/registration/ui/RegistrationPage.tsx": {"path":"/Users/vladvinskevitch/Documents/Java/sitionix/sitionix-spa/apps/auth/src/features/registration/ui/RegistrationPage.tsx","statementMap":{"0":{"start":{"line":13,"column":14},"end":{"line":13,"column":null}},"1":{"start":{"line":14,"column":2},"end":{"line":14,"column":null}},"2":{"start":{"line":17,"column":41},"end":{"line":21,"column":null}},"3":{"start":{"line":18,"column":18},"end":{"line":18,"column":null}},"4":{"start":{"line":19,"column":20},"end":{"line":19,"column":null}},"5":{"start":{"line":20,"column":17},"end":{"line":20,"column":null}},"6":{"start":{"line":24,"column":36},"end":{"line":24,"column":null}},"7":{"start":{"line":25,"column":32},"end":{"line":25,"column":null}},"8":{"start":{"line":26,"column":8},"end":{"line":26,"column":null}},"9":{"start":{"line":28,"column":17},"end":{"line":28,"column":null}},"10":{"start":{"line":29,"column":41},"end":{"line":36,"column":null}},"11":{"start":{"line":33,"column":21},"end":{"line":33,"column":null}},"12":{"start":{"line":34,"column":23},"end":{"line":34,"column":null}},"13":{"start":{"line":38,"column":40},"end":{"line":48,"column":null}},"14":{"start":{"line":42,"column":27},"end":{"line":42,"column":null}},"15":{"start":{"line":47,"column":27},"end":{"line":47,"column":null}},"16":{"start":{"line":49,"column":2},"end":{"line":97,"column":null}},"17":{"start":{"line":68,"column":25},"end":{"line":68,"column":null}},"18":{"start":{"line":92,"column":29},"end":{"line":92,"column":null}}},"fnMap":{"0":{"name":"readSiteIdFromUrl","decl":{"start":{"line":12,"column":9},"end":{"line":12,"column":44}},"loc":{"start":{"line":12,"column":44},"end":{"line":15,"column":null}},"line":12},"1":{"name":"(anonymous_1)","decl":{"start":{"line":18,"column":12},"end":{"line":18,"column":18}},"loc":{"start":{"line":18,"column":18},"end":{"line":18,"column":null}},"line":18},"2":{"name":"(anonymous_2)","decl":{"start":{"line":19,"column":14},"end":{"line":19,"column":20}},"loc":{"start":{"line":19,"column":20},"end":{"line":19,"column":null}},"line":19},"3":{"name":"(anonymous_3)","decl":{"start":{"line":20,"column":11},"end":{"line":20,"column":17}},"loc":{"start":{"line":20,"column":17},"end":{"line":20,"column":null}},"line":20},"4":{"name":"RegistrationPage","decl":{"start":{"line":23,"column":24},"end":{"line":23,"column":43}},"loc":{"start":{"line":23,"column":43},"end":{"line":99,"column":null}},"line":23},"5":{"name":"(anonymous_5)","decl":{"start":{"line":33,"column":15},"end":{"line":33,"column":21}},"loc":{"start":{"line":33,"column":21},"end":{"line":33,"column":null}},"line":33},"6":{"name":"(anonymous_6)","decl":{"start":{"line":34,"column":17},"end":{"line":34,"column":23}},"loc":{"start":{"line":34,"column":23},"end":{"line":34,"column":null}},"line":34},"7":{"name":"(anonymous_7)","decl":{"start":{"line":42,"column":21},"end":{"line":42,"column":27}},"loc":{"start":{"line":42,"column":27},"end":{"line":42,"column":null}},"line":42},"8":{"name":"(anonymous_8)","decl":{"start":{"line":47,"column":21},"end":{"line":47,"column":27}},"loc":{"start":{"line":47,"column":27},"end":{"line":47,"column":null}},"line":47},"9":{"name":"(anonymous_9)","decl":{"start":{"line":68,"column":19},"end":{"line":68,"column":25}},"loc":{"start":{"line":68,"column":25},"end":{"line":68,"column":null}},"line":68},"10":{"name":"(anonymous_10)","decl":{"start":{"line":92,"column":23},"end":{"line":92,"column":29}},"loc":{"start":{"line":92,"column":29},"end":{"line":92,"column":null}},"line":92}},"branchMap":{"0":{"loc":{"start":{"line":31,"column":36},"end":{"line":31,"column":62}},"type":"cond-expr","locations":[{"start":{"line":31,"column":45},"end":{"line":31,"column":58}},{"start":{"line":31,"column":58},"end":{"line":31,"column":62}}],"line":31},"1":{"loc":{"start":{"line":63,"column":10},"end":{"line":63,"column":null}},"type":"cond-expr","locations":[{"start":{"line":63,"column":24},"end":{"line":63,"column":48}},{"start":{"line":63,"column":48},"end":{"line":63,"column":null}}],"line":63},"2":{"loc":{"start":{"line":71,"column":12},"end":{"line":71,"column":null}},"type":"cond-expr","locations":[{"start":{"line":71,"column":26},"end":{"line":71,"column":42}},{"start":{"line":71,"column":42},"end":{"line":71,"column":null}}],"line":71},"3":{"loc":{"start":{"line":81,"column":12},"end":{"line":81,"column":null}},"type":"cond-expr","locations":[{"start":{"line":81,"column":26},"end":{"line":81,"column":44}},{"start":{"line":81,"column":44},"end":{"line":81,"column":null}}],"line":81}},"s":{"0":16,"1":16,"2":7,"3":1,"4":1,"5":1,"6":16,"7":16,"8":16,"9":16,"10":16,"11":0,"12":1,"13":16,"14":2,"15":1,"16":16,"17":1,"18":0},"f":{"0":16,"1":1,"2":1,"3":1,"4":16,"5":0,"6":1,"7":2,"8":1,"9":1,"10":0},"b":{"0":[8,8],"1":[3,13],"2":[3,13],"3":[3,13]},"meta":{"lastBranch":4,"lastFunction":11,"lastStatement":19,"seen":{"f:12:9:12:44":0,"s:13:14:13:Infinity":0,"s:14:2:14:Infinity":1,"s:17:41:21:Infinity":2,"f:18:12:18:18":1,"s:18:18:18:Infinity":3,"f:19:14:19:20":2,"s:19:20:19:Infinity":4,"f:20:11:20:17":3,"s:20:17:20:Infinity":5,"f:23:24:23:43":4,"s:24:36:24:Infinity":6,"s:25:32:25:Infinity":7,"s:26:8:26:Infinity":8,"s:28:17:28:Infinity":9,"s:29:41:36:Infinity":10,"b:31:45:31:58:31:58:31:62":0,"f:33:15:33:21":5,"s:33:21:33:Infinity":11,"f:34:17:34:23":6,"s:34:23:34:Infinity":12,"s:38:40:48:Infinity":13,"f:42:21:42:27":7,"s:42:27:42:Infinity":14,"f:47:21:47:27":8,"s:47:27:47:Infinity":15,"s:49:2:97:Infinity":16,"b:63:24:63:48:63:48:63:Infinity":1,"f:68:19:68:25":9,"s:68:25:68:Infinity":17,"b:71:26:71:42:71:42:71:Infinity":2,"b:81:26:81:44:81:44:81:Infinity":3,"f:92:23:92:29":10,"s:92:29:92:Infinity":18}}}
,"/Users/vladvinskevitch/Documents/Java/sitionix/sitionix-spa/apps/auth/src/features/registration/validation/registerFormSchema.ts": {"path":"/Users/vladvinskevitch/Documents/Java/sitionix/sitionix-spa/apps/auth/src/features/registration/validation/registerFormSchema.ts","statementMap":{"0":{"start":{"line":3,"column":23},"end":{"line":9,"column":null}},"1":{"start":{"line":11,"column":34},"end":{"line":22,"column":null}},"2":{"start":{"line":19,"column":17},"end":{"line":19,"column":51}}},"fnMap":{"0":{"name":"(anonymous_0)","decl":{"start":{"line":19,"column":10},"end":{"line":19,"column":11}},"loc":{"start":{"line":19,"column":17},"end":{"line":19,"column":51}},"line":19}},"branchMap":{},"s":{"0":1,"1":1,"2":3},"f":{"0":3},"b":{},"meta":{"lastBranch":0,"lastFunction":1,"lastStatement":3,"seen":{"s:3:23:9:Infinity":0,"s:11:34:22:Infinity":1,"f:19:10:19:11":0,"s:19:17:19:51":2}}}
,"/Users/vladvinskevitch/Documents/Java/sitionix/sitionix-spa/apps/auth/src/mf/mount.tsx": {"path":"/Users/vladvinskevitch/Documents/Java/sitionix/sitionix-spa/apps/auth/src/mf/mount.tsx","statementMap":{"0":{"start":{"line":18,"column":14},"end":{"line":18,"column":null}},"1":{"start":{"line":20,"column":30},"end":{"line":52,"column":null}},"2":{"start":{"line":21,"column":13},"end":{"line":21,"column":null}},"3":{"start":{"line":23,"column":2},"end":{"line":26,"column":null}},"4":{"start":{"line":24,"column":4},"end":{"line":24,"column":null}},"5":{"start":{"line":25,"column":4},"end":{"line":25,"column":null}},"6":{"start":{"line":28,"column":19},"end":{"line":28,"column":null}},"7":{"start":{"line":29,"column":25},"end":{"line":29,"column":null}},"8":{"start":{"line":31,"column":2},"end":{"line":42,"column":null}},"9":{"start":{"line":44,"column":2},"end":{"line":51,"column":null}},"10":{"start":{"line":46,"column":6},"end":{"line":49,"column":null}},"11":{"start":{"line":47,"column":8},"end":{"line":47,"column":null}},"12":{"start":{"line":48,"column":8},"end":{"line":48,"column":null}}},"fnMap":{"0":{"name":"(anonymous_0)","decl":{"start":{"line":20,"column":30},"end":{"line":20,"column":31}},"loc":{"start":{"line":20,"column":54},"end":{"line":52,"column":null}},"line":20},"1":{"name":"(anonymous_1)","decl":{"start":{"line":45,"column":13},"end":{"line":45,"column":19}},"loc":{"start":{"line":45,"column":19},"end":{"line":50,"column":null}},"line":45}},"branchMap":{"0":{"loc":{"start":{"line":23,"column":2},"end":{"line":26,"column":null}},"type":"if","locations":[{"start":{"line":23,"column":2},"end":{"line":26,"column":null}},{"start":{},"end":{}}],"line":23},"1":{"loc":{"start":{"line":29,"column":26},"end":{"line":29,"column":41}},"type":"binary-expr","locations":[{"start":{"line":29,"column":26},"end":{"line":29,"column":38}},{"start":{"line":29,"column":38},"end":{"line":29,"column":41}}],"line":29},"2":{"loc":{"start":{"line":46,"column":6},"end":{"line":49,"column":null}},"type":"if","locations":[{"start":{"line":46,"column":6},"end":{"line":49,"column":null}},{"start":{},"end":{}}],"line":46}},"s":{"0":1,"1":1,"2":2,"3":2,"4":1,"5":1,"6":2,"7":2,"8":2,"9":2,"10":2,"11":1,"12":1},"f":{"0":2,"1":2},"b":{"0":[1,1],"1":[2,0],"2":[1,1]},"meta":{"lastBranch":3,"lastFunction":2,"lastStatement":13,"seen":{"s:18:14:18:Infinity":0,"s:20:30:52:Infinity":1,"f:20:30:20:31":0,"s:21:13:21:Infinity":2,"b:23:2:26:Infinity:undefined:undefined:undefined:undefined":0,"s:23:2:26:Infinity":3,"s:24:4:24:Infinity":4,"s:25:4:25:Infinity":5,"s:28:19:28:Infinity":6,"s:29:25:29:Infinity":7,"b:29:26:29:38:29:38:29:41":1,"s:31:2:42:Infinity":8,"s:44:2:51:Infinity":9,"f:45:13:45:19":1,"b:46:6:49:Infinity:undefined:undefined:undefined:undefined":2,"s:46:6:49:Infinity":10,"s:47:8:47:Infinity":11,"s:48:8:48:Infinity":12}}}
,"/Users/vladvinskevitch/Documents/Java/sitionix/sitionix-spa/apps/auth/src/shared/authTokens/authTokenStorage.ts": {"path":"/Users/vladvinskevitch/Documents/Java/sitionix/sitionix-spa/apps/auth/src/shared/authTokens/authTokenStorage.ts","statementMap":{"0":{"start":{"line":8,"column":39},"end":{"line":13,"column":null}},"1":{"start":{"line":16,"column":2},"end":{"line":18,"column":null}},"2":{"start":{"line":17,"column":4},"end":{"line":17,"column":null}},"3":{"start":{"line":20,"column":2},"end":{"line":20,"column":null}},"4":{"start":{"line":24,"column":18},"end":{"line":24,"column":null}},"5":{"start":{"line":25,"column":2},"end":{"line":27,"column":null}},"6":{"start":{"line":26,"column":4},"end":{"line":26,"column":null}},"7":{"start":{"line":29,"column":2},"end":{"line":29,"column":null}},"8":{"start":{"line":30,"column":2},"end":{"line":30,"column":null}},"9":{"start":{"line":31,"column":2},"end":{"line":34,"column":null}},"10":{"start":{"line":35,"column":2},"end":{"line":35,"column":null}}},"fnMap":{"0":{"name":"getStorage","decl":{"start":{"line":15,"column":9},"end":{"line":15,"column":20}},"loc":{"start":{"line":15,"column":57},"end":{"line":21,"column":null}},"line":15},"1":{"name":"saveAuthTokens","decl":{"start":{"line":23,"column":16},"end":{"line":23,"column":31}},"loc":{"start":{"line":23,"column":78},"end":{"line":36,"column":null}},"line":23}},"branchMap":{"0":{"loc":{"start":{"line":16,"column":2},"end":{"line":18,"column":null}},"type":"if","locations":[{"start":{"line":16,"column":2},"end":{"line":18,"column":null}},{"start":{},"end":{}}],"line":16},"1":{"loc":{"start":{"line":20,"column":9},"end":{"line":20,"column":null}},"type":"cond-expr","locations":[{"start":{"line":20,"column":22},"end":{"line":20,"column":44}},{"start":{"line":20,"column":44},"end":{"line":20,"column":null}}],"line":20},"2":{"loc":{"start":{"line":25,"column":2},"end":{"line":27,"column":null}},"type":"if","locations":[{"start":{"line":25,"column":2},"end":{"line":27,"column":null}},{"start":{},"end":{}}],"line":25}},"s":{"0":8,"1":4,"2":1,"3":3,"4":4,"5":4,"6":1,"7":3,"8":3,"9":3,"10":3},"f":{"0":4,"1":4},"b":{"0":[1,3],"1":[2,1],"2":[1,3]},"meta":{"lastBranch":3,"lastFunction":2,"lastStatement":11,"seen":{"s:8:39:13:Infinity":0,"f:15:9:15:20":0,"b:16:2:18:Infinity:undefined:undefined:undefined:undefined":0,"s:16:2:18:Infinity":1,"s:17:4:17:Infinity":2,"s:20:2:20:Infinity":3,"b:20:22:20:44:20:44:20:Infinity":1,"f:23:16:23:31":1,"s:24:18:24:Infinity":4,"b:25:2:27:Infinity:undefined:undefined:undefined:undefined":2,"s:25:2:27:Infinity":5,"s:26:4:26:Infinity":6,"s:29:2:29:Infinity":7,"s:30:2:30:Infinity":8,"s:31:2:34:Infinity":9,"s:35:2:35:Infinity":10}}}
,"/Users/vladvinskevitch/Documents/Java/sitionix/sitionix-spa/apps/auth/src/shared/env/publicEnv.ts": {"path":"/Users/vladvinskevitch/Documents/Java/sitionix/sitionix-spa/apps/auth/src/shared/env/publicEnv.ts","statementMap":{"0":{"start":{"line":1,"column":25},"end":{"line":3,"column":null}}},"fnMap":{},"branchMap":{},"s":{"0":13},"f":{},"b":{},"meta":{"lastBranch":0,"lastFunction":0,"lastStatement":1,"seen":{"s:1:25:3:Infinity":0}}}
,"/Users/vladvinskevitch/Documents/Java/sitionix/sitionix-spa/apps/auth/src/shared/http/httpClient.ts": {"path":"/Users/vladvinskevitch/Documents/Java/sitionix/sitionix-spa/apps/auth/src/shared/http/httpClient.ts","statementMap":{"0":{"start":{"line":32,"column":14},"end":{"line":40,"column":null}},"1":{"start":{"line":42,"column":22},"end":{"line":42,"column":null}},"2":{"start":{"line":43,"column":17},"end":{"line":43,"column":null}},"3":{"start":{"line":45,"column":2},"end":{"line":48,"column":null}},"4":{"start":{"line":46,"column":18},"end":{"line":46,"column":null}},"5":{"start":{"line":47,"column":4},"end":{"line":47,"column":null}},"6":{"start":{"line":50,"column":17},"end":{"line":50,"column":null}},"7":{"start":{"line":51,"column":2},"end":{"line":51,"column":null}}},"fnMap":{"0":{"name":"requestJson","decl":{"start":{"line":29,"column":22},"end":{"line":29,"column":null}},"loc":{"start":{"line":31,"column":41},"end":{"line":52,"column":null}},"line":31}},"branchMap":{"0":{"loc":{"start":{"line":36,"column":10},"end":{"line":36,"column":null}},"type":"binary-expr","locations":[{"start":{"line":36,"column":10},"end":{"line":36,"column":29}},{"start":{"line":36,"column":29},"end":{"line":36,"column":null}}],"line":36},"1":{"loc":{"start":{"line":38,"column":10},"end":{"line":38,"column":null}},"type":"cond-expr","locations":[{"start":{"line":38,"column":25},"end":{"line":38,"column":56}},{"start":{"line":38,"column":56},"end":{"line":38,"column":null}}],"line":38},"2":{"loc":{"start":{"line":42,"column":22},"end":{"line":42,"column":null}},"type":"binary-expr","locations":[{"start":{"line":42,"column":22},"end":{"line":42,"column":57}},{"start":{"line":42,"column":57},"end":{"line":42,"column":null}}],"line":42},"3":{"loc":{"start":{"line":45,"column":2},"end":{"line":48,"column":null}},"type":"if","locations":[{"start":{"line":45,"column":2},"end":{"line":48,"column":null}},{"start":{},"end":{}}],"line":45},"4":{"loc":{"start":{"line":46,"column":18},"end":{"line":46,"column":null}},"type":"cond-expr","locations":[{"start":{"line":46,"column":27},"end":{"line":46,"column":46}},{"start":{"line":46,"column":46},"end":{"line":46,"column":null}}],"line":46},"5":{"loc":{"start":{"line":50,"column":17},"end":{"line":50,"column":null}},"type":"cond-expr","locations":[{"start":{"line":50,"column":26},"end":{"line":50,"column":45}},{"start":{"line":50,"column":45},"end":{"line":50,"column":null}}],"line":50}},"s":{"0":13,"1":13,"2":13,"3":13,"4":7,"5":7,"6":6,"7":13},"f":{"0":13},"b":{"0":[13,13],"1":[12,1],"2":[13,0],"3":[7,6],"4":[7,0],"5":[5,1]},"meta":{"lastBranch":6,"lastFunction":1,"lastStatement":8,"seen":{"f:29:22:29:Infinity":0,"s:32:14:40:Infinity":0,"b:36:10:36:29:36:29:36:Infinity":0,"b:38:25:38:56:38:56:38:Infinity":1,"s:42:22:42:Infinity":1,"b:42:22:42:57:42:57:42:Infinity":2,"s:43:17:43:Infinity":2,"b:45:2:48:Infinity:undefined:undefined:undefined:undefined":3,"s:45:2:48:Infinity":3,"s:46:18:46:Infinity":4,"b:46:27:46:46:46:46:46:Infinity":4,"s:47:4:47:Infinity":5,"s:50:17:50:Infinity":6,"b:50:26:50:45:50:45:50:Infinity":5,"s:51:2:51:Infinity":7}}}
,"/Users/vladvinskevitch/Documents/Java/sitionix/sitionix-spa/apps/auth/src/shared/session/sessionSourceId.ts": {"path":"/Users/vladvinskevitch/Documents/Java/sitionix/sitionix-spa/apps/auth/src/shared/session/sessionSourceId.ts","statementMap":{"0":{"start":{"line":1,"column":30},"end":{"line":1,"column":null}},"1":{"start":{"line":4,"column":21},"end":{"line":4,"column":null}},"2":{"start":{"line":5,"column":2},"end":{"line":5,"column":null}},"3":{"start":{"line":9,"column":2},"end":{"line":11,"column":null}},"4":{"start":{"line":10,"column":4},"end":{"line":10,"column":null}},"5":{"start":{"line":12,"column":2},"end":{"line":12,"column":null}},"6":{"start":{"line":16,"column":2},"end":{"line":18,"column":null}},"7":{"start":{"line":17,"column":4},"end":{"line":17,"column":null}},"8":{"start":{"line":20,"column":17},"end":{"line":20,"column":null}},"9":{"start":{"line":21,"column":2},"end":{"line":23,"column":null}},"10":{"start":{"line":22,"column":4},"end":{"line":22,"column":null}},"11":{"start":{"line":25,"column":20},"end":{"line":25,"column":null}},"12":{"start":{"line":26,"column":2},"end":{"line":26,"column":null}},"13":{"start":{"line":27,"column":2},"end":{"line":27,"column":null}}},"fnMap":{"0":{"name":"fallbackSessionSourceId","decl":{"start":{"line":3,"column":9},"end":{"line":3,"column":43}},"loc":{"start":{"line":3,"column":43},"end":{"line":6,"column":null}},"line":3},"1":{"name":"generateSessionSourceId","decl":{"start":{"line":8,"column":9},"end":{"line":8,"column":43}},"loc":{"start":{"line":8,"column":43},"end":{"line":13,"column":null}},"line":8},"2":{"name":"getOrCreateSessionSourceId","decl":{"start":{"line":15,"column":16},"end":{"line":15,"column":53}},"loc":{"start":{"line":15,"column":53},"end":{"line":28,"column":null}},"line":15}},"branchMap":{"0":{"loc":{"start":{"line":9,"column":2},"end":{"line":11,"column":null}},"type":"if","locations":[{"start":{"line":9,"column":2},"end":{"line":11,"column":null}},{"start":{},"end":{}}],"line":9},"1":{"loc":{"start":{"line":9,"column":6},"end":{"line":9,"column":63}},"type":"binary-expr","locations":[{"start":{"line":9,"column":6},"end":{"line":9,"column":39}},{"start":{"line":9,"column":39},"end":{"line":9,"column":63}}],"line":9},"2":{"loc":{"start":{"line":16,"column":2},"end":{"line":18,"column":null}},"type":"if","locations":[{"start":{"line":16,"column":2},"end":{"line":18,"column":null}},{"start":{},"end":{}}],"line":16},"3":{"loc":{"start":{"line":21,"column":2},"end":{"line":23,"column":null}},"type":"if","locations":[{"start":{"line":21,"column":2},"end":{"line":23,"column":null}},{"start":{},"end":{}}],"line":21}},"s":{"0":8,"1":1,"2":1,"3":4,"4":3,"5":1,"6":6,"7":1,"8":5,"9":5,"10":2,"11":3,"12":3,"13":3},"f":{"0":1,"1":4,"2":6},"b":{"0":[3,1],"1":[4,4],"2":[1,5],"3":[2,3]},"meta":{"lastBranch":4,"lastFunction":3,"lastStatement":14,"seen":{"s:1:30:1:Infinity":0,"f:3:9:3:43":0,"s:4:21:4:Infinity":1,"s:5:2:5:Infinity":2,"f:8:9:8:43":1,"b:9:2:11:Infinity:undefined:undefined:undefined:undefined":0,"s:9:2:11:Infinity":3,"b:9:6:9:39:9:39:9:63":1,"s:10:4:10:Infinity":4,"s:12:2:12:Infinity":5,"f:15:16:15:53":2,"b:16:2:18:Infinity:undefined:undefined:undefined:undefined":2,"s:16:2:18:Infinity":6,"s:17:4:17:Infinity":7,"s:20:17:20:Infinity":8,"b:21:2:23:Infinity:undefined:undefined:undefined:undefined":3,"s:21:2:23:Infinity":9,"s:22:4:22:Infinity":10,"s:25:20:25:Infinity":11,"s:26:2:26:Infinity":12,"s:27:2:27:Infinity":13}}}
,"/Users/vladvinskevitch/Documents/Java/sitionix/sitionix-spa/apps/auth/src/shared/session/userAgent.ts": {"path":"/Users/vladvinskevitch/Documents/Java/sitionix/sitionix-spa/apps/auth/src/shared/session/userAgent.ts","statementMap":{"0":{"start":{"line":2,"column":2},"end":{"line":4,"column":null}},"1":{"start":{"line":3,"column":4},"end":{"line":3,"column":null}},"2":{"start":{"line":6,"column":2},"end":{"line":6,"column":null}}},"fnMap":{"0":{"name":"getUserAgent","decl":{"start":{"line":1,"column":16},"end":{"line":1,"column":39}},"loc":{"start":{"line":1,"column":39},"end":{"line":7,"column":null}},"line":1}},"branchMap":{"0":{"loc":{"start":{"line":2,"column":2},"end":{"line":4,"column":null}},"type":"if","locations":[{"start":{"line":2,"column":2},"end":{"line":4,"column":null}},{"start":{},"end":{}}],"line":2},"1":{"loc":{"start":{"line":6,"column":9},"end":{"line":6,"column":null}},"type":"binary-expr","locations":[{"start":{"line":6,"column":9},"end":{"line":6,"column":32}},{"start":{"line":6,"column":32},"end":{"line":6,"column":null}}],"line":6}},"s":{"0":4,"1":1,"2":3},"f":{"0":4},"b":{"0":[1,3],"1":[3,0]},"meta":{"lastBranch":2,"lastFunction":1,"lastStatement":3,"seen":{"f:1:16:1:39":0,"b:2:2:4:Infinity:undefined:undefined:undefined:undefined":0,"s:2:2:4:Infinity":0,"s:3:4:3:Infinity":1,"s:6:2:6:Infinity":2,"b:6:9:6:32:6:32:6:Infinity":1}}}
}
