<?xml version="1.0" encoding="UTF-8"?>
<coverage generated="1768066829045" clover="3.2.0">
  <project timestamp="1768066829045" name="All files">
    <metrics statements="6" coveredstatements="6" conditionals="8" coveredconditionals="8" methods="5" coveredmethods="5" elements="19" coveredelements="19" complexity="0" loc="6" ncloc="6" packages="3" files="8" classes="8"/>
    <package name="src">
      <metrics statements="0" coveredstatements="0" conditionals="0" coveredconditionals="0" methods="0" coveredmethods="0"/>
      <file name="index.ts" path="/Users/vladvinskevitch/Documents/Java/sitionix/sitionix-spa/packages/ui/src/index.ts">
        <metrics statements="0" coveredstatements="0" conditionals="0" coveredconditionals="0" methods="0" coveredmethods="0"/>
      </file>
    </package>
    <package name="src.auth">
      <metrics statements="3" coveredstatements="3" conditionals="7" coveredconditionals="7" methods="2" coveredmethods="2"/>
      <file name="AuthButton.tsx" path="/Users/vladvinskevitch/Documents/Java/sitionix/sitionix-spa/packages/ui/src/auth/AuthButton.tsx">
        <metrics statements="2" coveredstatements="2" conditionals="7" coveredconditionals="7" methods="1" coveredmethods="1"/>
        <line num="16" count="3" type="cond" truecount="2" falsecount="0"/>
        <line num="18" count="3" type="stmt"/>
      </file>
      <file name="AuthSidePanel.tsx" path="/Users/vladvinskevitch/Documents/Java/sitionix/sitionix-spa/packages/ui/src/auth/AuthSidePanel.tsx">
        <metrics statements="1" coveredstatements="1" conditionals="0" coveredconditionals="0" methods="1" coveredmethods="1"/>
        <line num="22" count="1" type="stmt"/>
      </file>
      <file name="index.ts" path="/Users/vladvinskevitch/Documents/Java/sitionix/sitionix-spa/packages/ui/src/auth/index.ts">
        <metrics statements="0" coveredstatements="0" conditionals="0" coveredconditionals="0" methods="0" coveredmethods="0"/>
      </file>
    </package>
    <package name="src.auth.social-auth">
      <metrics statements="3" coveredstatements="3" conditionals="1" coveredconditionals="1" methods="3" coveredmethods="3"/>
      <file name="AuthInput.tsx" path="/Users/vladvinskevitch/Documents/Java/sitionix/sitionix-spa/packages/ui/src/auth/social-auth/AuthInput.tsx">
        <metrics statements="1" coveredstatements="1" conditionals="0" coveredconditionals="0" methods="1" coveredmethods="1"/>
        <line num="12" count="1" type="stmt"/>
      </file>
      <file name="SocialAuthButton.tsx" path="/Users/vladvinskevitch/Documents/Java/sitionix/sitionix-spa/packages/ui/src/auth/social-auth/SocialAuthButton.tsx">
        <metrics statements="1" coveredstatements="1" conditionals="0" coveredconditionals="0" methods="1" coveredmethods="1"/>
        <line num="12" count="10" type="stmt"/>
      </file>
      <file name="SocialAuthPanel.tsx" path="/Users/vladvinskevitch/Documents/Java/sitionix/sitionix-spa/packages/ui/src/auth/social-auth/SocialAuthPanel.tsx">
        <metrics statements="1" coveredstatements="1" conditionals="1" coveredconditionals="1" methods="1" coveredmethods="1"/>
        <line num="18" count="3" type="stmt"/>
      </file>
      <file name="index.ts" path="/Users/vladvinskevitch/Documents/Java/sitionix/sitionix-spa/packages/ui/src/auth/social-auth/index.ts">
        <metrics statements="0" coveredstatements="0" conditionals="0" coveredconditionals="0" methods="0" coveredmethods="0"/>
      </file>
    </package>
  </project>
</coverage>
