{"/Users/vladvinskevitch/Documents/Java/sitionix/sitionix-spa/packages/ui/src/index.ts": {"path":"/Users/vladvinskevitch/Documents/Java/sitionix/sitionix-spa/packages/ui/src/index.ts","statementMap":{},"fnMap":{},"branchMap":{},"s":{},"f":{},"b":{},"meta":{"lastBranch":0,"lastFunction":0,"lastStatement":0,"seen":{}}}
,"/Users/vladvinskevitch/Documents/Java/sitionix/sitionix-spa/packages/ui/src/auth/AuthButton.tsx": {"path":"/Users/vladvinskevitch/Documents/Java/sitionix/sitionix-spa/packages/ui/src/auth/AuthButton.tsx","statementMap":{"0":{"start":{"line":16,"column":21},"end":{"line":16,"column":null}},"1":{"start":{"line":18,"column":2},"end":{"line":26,"column":null}}},"fnMap":{"0":{"name":"AuthButton","decl":{"start":{"line":9,"column":16},"end":{"line":9,"column":27}},"loc":{"start":{"line":15,"column":20},"end":{"line":28,"column":null}},"line":15}},"branchMap":{"0":{"loc":{"start":{"line":11,"column":2},"end":{"line":11,"column":null}},"type":"default-arg","locations":[{"start":{"line":11,"column":14},"end":{"line":11,"column":null}}],"line":11},"1":{"loc":{"start":{"line":12,"column":2},"end":{"line":12,"column":null}},"type":"default-arg","locations":[{"start":{"line":12,"column":13},"end":{"line":12,"column":null}}],"line":12},"2":{"loc":{"start":{"line":13,"column":2},"end":{"line":13,"column":null}},"type":"default-arg","locations":[{"start":{"line":13,"column":9},"end":{"line":13,"column":null}}],"line":13},"3":{"loc":{"start":{"line":16,"column":21},"end":{"line":16,"column":null}},"type":"binary-expr","locations":[{"start":{"line":16,"column":21},"end":{"line":16,"column":33}},{"start":{"line":16,"column":33},"end":{"line":16,"column":null}}],"line":16},"4":{"loc":{"start":{"line":25,"column":7},"end":{"line":25,"column":null}},"type":"cond-expr","locations":[{"start":{"line":25,"column":19},"end":{"line":25,"column":39}},{"start":{"line":25,"column":39},"end":{"line":25,"column":null}}],"line":25}},"s":{"0":3,"1":3},"f":{"0":3},"b":{"0":[3],"1":[3],"2":[3],"3":[3,3],"4":[1,2]},"meta":{"lastBranch":5,"lastFunction":1,"lastStatement":2,"seen":{"f:9:16:9:27":0,"b:11:14:11:Infinity":0,"b:12:13:12:Infinity":1,"b:13:9:13:Infinity":2,"s:16:21:16:Infinity":0,"b:16:21:16:33:16:33:16:Infinity":3,"s:18:2:26:Infinity":1,"b:25:19:25:39:25:39:25:Infinity":4}}}
,"/Users/vladvinskevitch/Documents/Java/sitionix/sitionix-spa/packages/ui/src/auth/AuthSidePanel.tsx": {"path":"/Users/vladvinskevitch/Documents/Java/sitionix/sitionix-spa/packages/ui/src/auth/AuthSidePanel.tsx","statementMap":{"0":{"start":{"line":22,"column":2},"end":{"line":49,"column":null}}},"fnMap":{"0":{"name":"AuthSidePanel","decl":{"start":{"line":21,"column":16},"end":{"line":21,"column":30}},"loc":{"start":{"line":21,"column":57},"end":{"line":51,"column":null}},"line":21}},"branchMap":{},"s":{"0":1},"f":{"0":1},"b":{},"meta":{"lastBranch":0,"lastFunction":1,"lastStatement":1,"seen":{"f:21:16:21:30":0,"s:22:2:49:Infinity":0}}}
,"/Users/vladvinskevitch/Documents/Java/sitionix/sitionix-spa/packages/ui/src/auth/index.ts": {"path":"/Users/vladvinskevitch/Documents/Java/sitionix/sitionix-spa/packages/ui/src/auth/index.ts","statementMap":{},"fnMap":{},"branchMap":{},"s":{},"f":{},"b":{},"meta":{"lastBranch":0,"lastFunction":0,"lastStatement":0,"seen":{}}}
,"/Users/vladvinskevitch/Documents/Java/sitionix/sitionix-spa/packages/ui/src/auth/social-auth/AuthInput.tsx": {"path":"/Users/vladvinskevitch/Documents/Java/sitionix/sitionix-spa/packages/ui/src/auth/social-auth/AuthInput.tsx","statementMap":{"0":{"start":{"line":12,"column":2},"end":{"line":20,"column":null}}},"fnMap":{"0":{"name":"AuthInput","decl":{"start":{"line":11,"column":16},"end":{"line":11,"column":26}},"loc":{"start":{"line":11,"column":49},"end":{"line":22,"column":null}},"line":11}},"branchMap":{},"s":{"0":1},"f":{"0":1},"b":{},"meta":{"lastBranch":0,"lastFunction":1,"lastStatement":1,"seen":{"f:11:16:11:26":0,"s:12:2:20:Infinity":0}}}
,"/Users/vladvinskevitch/Documents/Java/sitionix/sitionix-spa/packages/ui/src/auth/social-auth/SocialAuthButton.tsx": {"path":"/Users/vladvinskevitch/Documents/Java/sitionix/sitionix-spa/packages/ui/src/auth/social-auth/SocialAuthButton.tsx","statementMap":{"0":{"start":{"line":12,"column":2},"end":{"line":23,"column":null}}},"fnMap":{"0":{"name":"SocialAuthButton","decl":{"start":{"line":7,"column":16},"end":{"line":7,"column":33}},"loc":{"start":{"line":11,"column":26},"end":{"line":25,"column":null}},"line":11}},"branchMap":{},"s":{"0":10},"f":{"0":10},"b":{},"meta":{"lastBranch":0,"lastFunction":1,"lastStatement":1,"seen":{"f:7:16:7:33":0,"s:12:2:23:Infinity":0}}}
,"/Users/vladvinskevitch/Documents/Java/sitionix/sitionix-spa/packages/ui/src/auth/social-auth/SocialAuthPanel.tsx": {"path":"/Users/vladvinskevitch/Documents/Java/sitionix/sitionix-spa/packages/ui/src/auth/social-auth/SocialAuthPanel.tsx","statementMap":{"0":{"start":{"line":18,"column":2},"end":{"line":43,"column":null}}},"fnMap":{"0":{"name":"SocialAuthPanel","decl":{"start":{"line":14,"column":16},"end":{"line":14,"column":32}},"loc":{"start":{"line":17,"column":25},"end":{"line":45,"column":null}},"line":17}},"branchMap":{"0":{"loc":{"start":{"line":16,"column":2},"end":{"line":16,"column":null}},"type":"default-arg","locations":[{"start":{"line":16,"column":17},"end":{"line":16,"column":null}}],"line":16}},"s":{"0":3},"f":{"0":3},"b":{"0":[3]},"meta":{"lastBranch":1,"lastFunction":1,"lastStatement":1,"seen":{"f:14:16:14:32":0,"b:16:17:16:Infinity":0,"s:18:2:43:Infinity":0}}}
,"/Users/vladvinskevitch/Documents/Java/sitionix/sitionix-spa/packages/ui/src/auth/social-auth/index.ts": {"path":"/Users/vladvinskevitch/Documents/Java/sitionix/sitionix-spa/packages/ui/src/auth/social-auth/index.ts","statementMap":{},"fnMap":{},"branchMap":{},"s":{},"f":{},"b":{},"meta":{"lastBranch":0,"lastFunction":0,"lastStatement":0,"seen":{}}}
}
